<?xml version="1.0" encoding="UTF-8"?>
<!-- Generated by org.testng.reporters.JUnitReportReporter -->
<testsuite skipped="0" hostname="Avinashs-MacBook-Pro.local" name="TestCases.Regression" tests="2" failures="0" timestamp="07 Feb 2019 17:22:00 GMT" time="0.009" errors="0">
  <testcase name="m1" time="0.002" classname="TestCases.Regression"/>
  <testcase name="m2" time="0.007" classname="TestCases.Regression"/>
</testsuite> <!-- TestCases.Regression -->
